#
# A fatal error has been detected by the Java Runtime Environment:
#
#  EXCEPTION_ACCESS_VIOLATION (0xc0000005) at pc=0x00007fffd8dc6f00, pid=15656, tid=18272
#
# JRE version: OpenJDK Runtime Environment Temurin-17.0.2+8 (17.0.2+8) (build 17.0.2+8)
# Java VM: OpenJDK 64-Bit Server VM Temurin-17.0.2+8 (17.0.2+8, mixed mode, tiered, compressed oops, compressed class ptrs, g1 gc, windows-amd64)
# Problematic frame:
# C  [glfw.dll+0x6f00]
#
# No core dump will be written. Minidumps are not enabled by default on client versions of Windows
#
# If you would like to submit a bug report, please visit:
#   https://github.com/adoptium/adoptium-support/issues
# The crash happened outside the Java Virtual Machine in native code.
# See problematic frame for where to report the bug.
#

---------------  S U M M A R Y ------------

Command Line: -Dfile.encoding=Cp1252 -XX:+ShowCodeDetailsInExceptionMessages com.test.Main

Host: Intel(R) Core(TM) i3-8100 CPU @ 3.60GHz, 4 cores, 15G,  Windows 10 , 64 bit Build 19041 (10.0.19041.1503)
Time: Tue Mar  1 19:53:28 2022 W. Europe Standard Time elapsed time: 9.308828 seconds (0d 0h 0m 9s)

---------------  T H R E A D  ---------------

Current thread (0x000001e87c0fe9f0):  JavaThread "main" [_thread_in_native, id=18272, stack(0x000000e312600000,0x000000e312700000)]

Stack: [0x000000e312600000,0x000000e312700000],  sp=0x000000e3126ff520,  free space=1021k
Native frames: (J=compiled Java code, j=interpreted, Vv=VM code, C=native code)
C  [glfw.dll+0x6f00]

Java frames: (J=compiled Java code, j=interpreted, Vv=VM code)
J 555  org.lwjgl.system.JNI.invokePV(JJ)V (0 bytes) @ 0x000001e80b0d806c [0x000001e80b0d8020+0x000000000000004c]
j  org.lwjgl.glfw.GLFW.glfwDestroyWindow(J)V+6
j  com.test.Engine.loop()V+134
j  com.test.Main.main([Ljava/lang/String;)V+9
v  ~StubRoutines::call_stub

siginfo: EXCEPTION_ACCESS_VIOLATION (0xc0000005), reading address 0x0000000000000000


Register to memory mapping:

RIP=0x00007fffd8dc6f00 glfw.dll
RAX=0x0 is NULL
RBX=0x000001e81d1e7220 points into unknown readable memory: 0x0000000000000000 | 00 00 00 00 00 00 00 00
RCX=0x0 is NULL
RDX=0x00007fffd8e17000 glfw.dll
RSP=0x000000e3126ff520 is pointing into the stack for thread: 0x000001e87c0fe9f0
RBP=0x000000e3126ff5b0 is pointing into the stack for thread: 0x000001e87c0fe9f0
RSI=0x0000000000000110 is an unknown value
RDI=0x0000000000000f12 is an unknown value
R8 =0x000001e81d1e7220 points into unknown readable memory: 0x0000000000000000 | 00 00 00 00 00 00 00 00
R9 =0x00007fffd8dc6e50 glfw.dll
R10=0x00007fffd8e31380 lwjgl.dll
R11=0x000001e80b0d8040 is at entry_point+32 in (nmethod*)0x000001e80b0d7e90
R12=0x0 is NULL
R13=0x000000e3126ff5c8 is pointing into the stack for thread: 0x000001e87c0fe9f0
R14=0x000000e3126ff5a0 is pointing into the stack for thread: 0x000001e87c0fe9f0
R15=0x000001e87c0fe9f0 is a thread


Registers:
RAX=0x0000000000000000, RBX=0x000001e81d1e7220, RCX=0x0000000000000000, RDX=0x00007fffd8e17000
RSP=0x000000e3126ff520, RBP=0x000000e3126ff5b0, RSI=0x0000000000000110, RDI=0x0000000000000f12
R8 =0x000001e81d1e7220, R9 =0x00007fffd8dc6e50, R10=0x00007fffd8e31380, R11=0x000001e80b0d8040
R12=0x0000000000000000, R13=0x000000e3126ff5c8, R14=0x000000e3126ff5a0, R15=0x000001e87c0fe9f0
RIP=0x00007fffd8dc6f00, EFLAGS=0x0000000000010283

Top of Stack: (sp=0x000000e3126ff520)
0x000000e3126ff520:   000001e81d1e7220 000001e80b0d7511
0x000000e3126ff530:   0000000000000001 0000000000000000
0x000000e3126ff540:   000001e81ce545e0 000001e80b0d810c
0x000000e3126ff550:   00007fffd8dc3ea0 0000015800000000
0x000000e3126ff560:   0000000710abdd88 000001e87c0fe9f0
0x000000e3126ff570:   000064cb141f81be 000001e803c503ac
0x000000e3126ff580:   000001e81cc00cf0 0000000710abdd88
0x000000e3126ff590:   000001e81cc0dd20 000001e80b0d8905
0x000000e3126ff5a0:   0000000710abdd88 000001e803c4eb34
0x000000e3126ff5b0:   000000e3126ff630 000001e8035e94fe
0x000000e3126ff5c0:   000001e8035e94fe 00007fffd8dc6e50
0x000000e3126ff5d0:   0000000000000000 000001e81d1e7220
0x000000e3126ff5e0:   0000000000000000 000000e3126ff5e8
0x000000e3126ff5f0:   000001e81cc0a556 000000e3126ff658
0x000000e3126ff600:   000001e81cc1c9b0 0000000000000000
0x000000e3126ff610:   0000000710f8d270 000001e81cc0a588 

Instructions: (pc=0x00007fffd8dc6f00)
0x00007fffd8dc6e00:   18 00 00 00 66 0f 6f 05 b4 e7 03 00 f3 0f 7f 05
0x00007fffd8dc6e10:   0c fe 04 00 c7 05 16 fe 04 00 08 00 00 00 c7 05
0x00007fffd8dc6e20:   30 fe 04 00 01 00 00 00 c7 05 b6 01 05 00 ff ff
0x00007fffd8dc6e30:   ff ff c7 05 68 fe 04 00 01 00 00 00 48 83 c4 28
0x00007fffd8dc6e40:   c3 cc cc cc cc cc cc cc cc cc cc cc cc cc cc cc
0x00007fffd8dc6e50:   40 53 48 83 ec 20 83 3d 33 fb 04 00 00 48 8b d9
0x00007fffd8dc6e60:   75 11 33 d2 b9 01 00 01 00 48 83 c4 20 5b e9 bd
0x00007fffd8dc6e70:   af ff ff 48 85 db 0f 84 a5 00 00 00 0f 57 c0 33
0x00007fffd8dc6e80:   c0 0f 11 81 d0 02 00 00 0f 11 81 e0 02 00 00 0f
0x00007fffd8dc6e90:   11 81 f0 02 00 00 0f 11 81 00 03 00 00 0f 11 81
0x00007fffd8dc6ea0:   10 03 00 00 0f 11 81 20 03 00 00 0f 11 81 30 03
0x00007fffd8dc6eb0:   00 00 0f 11 81 40 03 00 00 48 89 81 50 03 00 00
0x00007fffd8dc6ec0:   48 8d 0d 65 13 05 00 e8 74 42 00 00 48 3b d8 75
0x00007fffd8dc6ed0:   07 33 c9 e8 a8 ad ff ff 48 8b cb ff 15 c7 fb 04
0x00007fffd8dc6ee0:   00 48 8b 0d 18 01 05 00 48 8d 15 11 01 05 00 48
0x00007fffd8dc6ef0:   3b cb 74 1a 0f 1f 40 00 0f 1f 84 00 00 00 00 00
0x00007fffd8dc6f00:   48 8b 01 48 8b d1 48 8b c8 48 3b c3 75 f2 48 8b
0x00007fffd8dc6f10:   03 48 8b cb 48 89 02 48 83 c4 20 5b e9 7f b4 ff
0x00007fffd8dc6f20:   ff 48 83 c4 20 5b c3 cc cc cc cc cc cc cc cc cc
0x00007fffd8dc6f30:   83 3d 59 fa 04 00 00 75 0c 33 d2 b9 01 00 01 00
0x00007fffd8dc6f40:   e9 eb ae ff ff 48 ff 25 ec fb 04 00 cc cc cc cc
0x00007fffd8dc6f50:   33 c0 48 85 d2 74 02 89 02 4d 85 c0 74 03 41 89
0x00007fffd8dc6f60:   00 39 05 29 fa 04 00 75 0c 33 d2 b9 01 00 01 00
0x00007fffd8dc6f70:   e9 bb ae ff ff 48 ff 25 74 fb 04 00 cc cc cc cc
0x00007fffd8dc6f80:   48 83 ec 28 83 3d 05 fa 04 00 00 75 13 33 d2 b9
0x00007fffd8dc6f90:   01 00 01 00 e8 97 ae ff ff 33 c0 48 83 c4 28 c3
0x00007fffd8dc6fa0:   81 fa 10 10 02 00 0f 8f a5 00 00 00 0f 84 97 00
0x00007fffd8dc6fb0:   00 00 8d 82 ff ff fd ff 83 f8 0c 0f 87 2e 01 00
0x00007fffd8dc6fc0:   00 48 98 4c 8d 05 36 90 ff ff 41 8b 84 80 0c 71
0x00007fffd8dc6fd0:   00 00 49 03 c0 ff e0 48 83 c4 28 48 ff 25 66 fb
0x00007fffd8dc6fe0:   04 00 48 83 c4 28 48 ff 25 63 fb 04 00 48 83 c4
0x00007fffd8dc6ff0:   28 48 ff 25 60 fb 04 00 48 83 c4 28 48 ff 25 5d 


Stack slot to memory mapping:
stack at sp + 0 slots: 0x000001e81d1e7220 points into unknown readable memory: 0x0000000000000000 | 00 00 00 00 00 00 00 00
stack at sp + 1 slots: 0x000001e80b0d7511 is at entry_point+241 in (nmethod*)0x000001e80b0d7290
stack at sp + 2 slots: 0x0000000000000001 is an unknown value
stack at sp + 3 slots: 0x0 is NULL
stack at sp + 4 slots: {method} {0x000001e81ce545e8} 'invokePV' '(JJ)V' in 'org/lwjgl/system/JNI'
stack at sp + 5 slots: 0x000001e80b0d810c is at entry_point+236 in (nmethod*)0x000001e80b0d7e90
stack at sp + 6 slots: 0x00007fffd8dc3ea0 glfw.dll
stack at sp + 7 slots: 0x0000015800000000 is an unknown value


---------------  P R O C E S S  ---------------

Threads class SMR info:
_java_thread_list=0x000001e81d191ed0, length=12, elements={
0x000001e87c0fe9f0, 0x000001e81c73e750, 0x000001e81c73f890, 0x000001e81d02d9e0,
0x000001e81d02e2a0, 0x000001e81d02eb60, 0x000001e81d02f510, 0x000001e81d05c020,
0x000001e81d0cb170, 0x000001e81d0cb680, 0x000001e81d1c2890, 0x000001e81d1c7000
}

Java Threads: ( => current thread )
=>0x000001e87c0fe9f0 JavaThread "main" [_thread_in_native, id=18272, stack(0x000000e312600000,0x000000e312700000)]
  0x000001e81c73e750 JavaThread "Reference Handler" daemon [_thread_blocked, id=6516, stack(0x000000e312d00000,0x000000e312e00000)]
  0x000001e81c73f890 JavaThread "Finalizer" daemon [_thread_blocked, id=10672, stack(0x000000e312e00000,0x000000e312f00000)]
  0x000001e81d02d9e0 JavaThread "Signal Dispatcher" daemon [_thread_blocked, id=17112, stack(0x000000e312f00000,0x000000e313000000)]
  0x000001e81d02e2a0 JavaThread "Attach Listener" daemon [_thread_blocked, id=20476, stack(0x000000e313000000,0x000000e313100000)]
  0x000001e81d02eb60 JavaThread "Service Thread" daemon [_thread_blocked, id=17312, stack(0x000000e313100000,0x000000e313200000)]
  0x000001e81d02f510 JavaThread "Monitor Deflation Thread" daemon [_thread_blocked, id=1760, stack(0x000000e313200000,0x000000e313300000)]
  0x000001e81d05c020 JavaThread "C2 CompilerThread0" daemon [_thread_blocked, id=11292, stack(0x000000e313300000,0x000000e313400000)]
  0x000001e81d0cb170 JavaThread "C1 CompilerThread0" daemon [_thread_blocked, id=19784, stack(0x000000e313400000,0x000000e313500000)]
  0x000001e81d0cb680 JavaThread "Sweeper thread" daemon [_thread_blocked, id=20116, stack(0x000000e313500000,0x000000e313600000)]
  0x000001e81d1c2890 JavaThread "Notification Thread" daemon [_thread_blocked, id=16724, stack(0x000000e313600000,0x000000e313700000)]
  0x000001e81d1c7000 JavaThread "Common-Cleaner" daemon [_thread_blocked, id=9328, stack(0x000000e313800000,0x000000e313900000)]

Other Threads:
  0x000001e81c75e630 VMThread "VM Thread" [stack: 0x000000e312c00000,0x000000e312d00000] [id=6716]
  0x000001e81d1c2d60 WatcherThread [stack: 0x000000e313700000,0x000000e313800000] [id=3940]
  0x000001e87e2ee1d0 GCTaskThread "GC Thread#0" [stack: 0x000000e312700000,0x000000e312800000] [id=20416]
  0x000001e87e2ff010 ConcurrentGCThread "G1 Main Marker" [stack: 0x000000e312800000,0x000000e312900000] [id=20188]
  0x000001e87e301310 ConcurrentGCThread "G1 Conc#0" [stack: 0x000000e312900000,0x000000e312a00000] [id=17076]
  0x000001e87e37ec10 ConcurrentGCThread "G1 Refine#0" [stack: 0x000000e312a00000,0x000000e312b00000] [id=19112]
  0x000001e81c5a8820 ConcurrentGCThread "G1 Service" [stack: 0x000000e312b00000,0x000000e312c00000] [id=17948]

Threads with active compile tasks:

VM state: not at safepoint (normal execution)

VM Mutex/Monitor currently owned by a thread: None

Heap address: 0x0000000701000000, size: 4080 MB, Compressed Oops mode: Zero based, Oop shift amount: 3

CDS archive(s) not mapped
Compressed class space mapped at: 0x0000000800000000-0x0000000840000000, reserved size: 1073741824
Narrow klass base: 0x0000000800000000, Narrow klass shift: 0, Narrow klass range: 0x40000000

GC Precious Log:
 CPUs: 4 total, 4 available
 Memory: 16317M
 Large Page Support: Disabled
 NUMA Support: Disabled
 Compressed Oops: Enabled (Zero based)
 Heap Region Size: 2M
 Heap Min Capacity: 8M
 Heap Initial Capacity: 256M
 Heap Max Capacity: 4080M
 Pre-touch: Disabled
 Parallel Workers: 4
 Concurrent Workers: 1
 Concurrent Refinement Workers: 4
 Periodic GC: Disabled

Heap:
 garbage-first heap   total 262144K, used 4096K [0x0000000701000000, 0x0000000800000000)
  region size 2048K, 4 young (8192K), 0 survivors (0K)
 Metaspace       used 9533K, committed 9728K, reserved 1064960K
  class space    used 743K, committed 832K, reserved 1048576K

Heap Regions: E=young(eden), S=young(survivor), O=old, HS=humongous(starts), HC=humongous(continues), CS=collection set, F=free, OA=open archive, CA=closed archive, TAMS=top-at-mark-start (previous, next)
|   0|0x0000000701000000, 0x0000000701000000, 0x0000000701200000|  0%| F|  |TAMS 0x0000000701000000, 0x0000000701000000| Untracked 
|   1|0x0000000701200000, 0x0000000701200000, 0x0000000701400000|  0%| F|  |TAMS 0x0000000701200000, 0x0000000701200000| Untracked 
|   2|0x0000000701400000, 0x0000000701400000, 0x0000000701600000|  0%| F|  |TAMS 0x0000000701400000, 0x0000000701400000| Untracked 
|   3|0x0000000701600000, 0x0000000701600000, 0x0000000701800000|  0%| F|  |TAMS 0x0000000701600000, 0x0000000701600000| Untracked 
|   4|0x0000000701800000, 0x0000000701800000, 0x0000000701a00000|  0%| F|  |TAMS 0x0000000701800000, 0x0000000701800000| Untracked 
|   5|0x0000000701a00000, 0x0000000701a00000, 0x0000000701c00000|  0%| F|  |TAMS 0x0000000701a00000, 0x0000000701a00000| Untracked 
|   6|0x0000000701c00000, 0x0000000701c00000, 0x0000000701e00000|  0%| F|  |TAMS 0x0000000701c00000, 0x0000000701c00000| Untracked 
|   7|0x0000000701e00000, 0x0000000701e00000, 0x0000000702000000|  0%| F|  |TAMS 0x0000000701e00000, 0x0000000701e00000| Untracked 
|   8|0x0000000702000000, 0x0000000702000000, 0x0000000702200000|  0%| F|  |TAMS 0x0000000702000000, 0x0000000702000000| Untracked 
|   9|0x0000000702200000, 0x0000000702200000, 0x0000000702400000|  0%| F|  |TAMS 0x0000000702200000, 0x0000000702200000| Untracked 
|  10|0x0000000702400000, 0x0000000702400000, 0x0000000702600000|  0%| F|  |TAMS 0x0000000702400000, 0x0000000702400000| Untracked 
|  11|0x0000000702600000, 0x0000000702600000, 0x0000000702800000|  0%| F|  |TAMS 0x0000000702600000, 0x0000000702600000| Untracked 
|  12|0x0000000702800000, 0x0000000702800000, 0x0000000702a00000|  0%| F|  |TAMS 0x0000000702800000, 0x0000000702800000| Untracked 
|  13|0x0000000702a00000, 0x0000000702a00000, 0x0000000702c00000|  0%| F|  |TAMS 0x0000000702a00000, 0x0000000702a00000| Untracked 
|  14|0x0000000702c00000, 0x0000000702c00000, 0x0000000702e00000|  0%| F|  |TAMS 0x0000000702c00000, 0x0000000702c00000| Untracked 
|  15|0x0000000702e00000, 0x0000000702e00000, 0x0000000703000000|  0%| F|  |TAMS 0x0000000702e00000, 0x0000000702e00000| Untracked 
|  16|0x0000000703000000, 0x0000000703000000, 0x0000000703200000|  0%| F|  |TAMS 0x0000000703000000, 0x0000000703000000| Untracked 
|  17|0x0000000703200000, 0x0000000703200000, 0x0000000703400000|  0%| F|  |TAMS 0x0000000703200000, 0x0000000703200000| Untracked 
|  18|0x0000000703400000, 0x0000000703400000, 0x0000000703600000|  0%| F|  |TAMS 0x0000000703400000, 0x0000000703400000| Untracked 
|  19|0x0000000703600000, 0x0000000703600000, 0x0000000703800000|  0%| F|  |TAMS 0x0000000703600000, 0x0000000703600000| Untracked 
|  20|0x0000000703800000, 0x0000000703800000, 0x0000000703a00000|  0%| F|  |TAMS 0x0000000703800000, 0x0000000703800000| Untracked 
|  21|0x0000000703a00000, 0x0000000703a00000, 0x0000000703c00000|  0%| F|  |TAMS 0x0000000703a00000, 0x0000000703a00000| Untracked 
|  22|0x0000000703c00000, 0x0000000703c00000, 0x0000000703e00000|  0%| F|  |TAMS 0x0000000703c00000, 0x0000000703c00000| Untracked 
|  23|0x0000000703e00000, 0x0000000703e00000, 0x0000000704000000|  0%| F|  |TAMS 0x0000000703e00000, 0x0000000703e00000| Untracked 
|  24|0x0000000704000000, 0x0000000704000000, 0x0000000704200000|  0%| F|  |TAMS 0x0000000704000000, 0x0000000704000000| Untracked 
|  25|0x0000000704200000, 0x0000000704200000, 0x0000000704400000|  0%| F|  |TAMS 0x0000000704200000, 0x0000000704200000| Untracked 
|  26|0x0000000704400000, 0x0000000704400000, 0x0000000704600000|  0%| F|  |TAMS 0x0000000704400000, 0x0000000704400000| Untracked 
|  27|0x0000000704600000, 0x0000000704600000, 0x0000000704800000|  0%| F|  |TAMS 0x0000000704600000, 0x0000000704600000| Untracked 
|  28|0x0000000704800000, 0x0000000704800000, 0x0000000704a00000|  0%| F|  |TAMS 0x0000000704800000, 0x0000000704800000| Untracked 
|  29|0x0000000704a00000, 0x0000000704a00000, 0x0000000704c00000|  0%| F|  |TAMS 0x0000000704a00000, 0x0000000704a00000| Untracked 
|  30|0x0000000704c00000, 0x0000000704c00000, 0x0000000704e00000|  0%| F|  |TAMS 0x0000000704c00000, 0x0000000704c00000| Untracked 
|  31|0x0000000704e00000, 0x0000000704e00000, 0x0000000705000000|  0%| F|  |TAMS 0x0000000704e00000, 0x0000000704e00000| Untracked 
|  32|0x0000000705000000, 0x0000000705000000, 0x0000000705200000|  0%| F|  |TAMS 0x0000000705000000, 0x0000000705000000| Untracked 
|  33|0x0000000705200000, 0x0000000705200000, 0x0000000705400000|  0%| F|  |TAMS 0x0000000705200000, 0x0000000705200000| Untracked 
|  34|0x0000000705400000, 0x0000000705400000, 0x0000000705600000|  0%| F|  |TAMS 0x0000000705400000, 0x0000000705400000| Untracked 
|  35|0x0000000705600000, 0x0000000705600000, 0x0000000705800000|  0%| F|  |TAMS 0x0000000705600000, 0x0000000705600000| Untracked 
|  36|0x0000000705800000, 0x0000000705800000, 0x0000000705a00000|  0%| F|  |TAMS 0x0000000705800000, 0x0000000705800000| Untracked 
|  37|0x0000000705a00000, 0x0000000705a00000, 0x0000000705c00000|  0%| F|  |TAMS 0x0000000705a00000, 0x0000000705a00000| Untracked 
|  38|0x0000000705c00000, 0x0000000705c00000, 0x0000000705e00000|  0%| F|  |TAMS 0x0000000705c00000, 0x0000000705c00000| Untracked 
|  39|0x0000000705e00000, 0x0000000705e00000, 0x0000000706000000|  0%| F|  |TAMS 0x0000000705e00000, 0x0000000705e00000| Untracked 
|  40|0x0000000706000000, 0x0000000706000000, 0x0000000706200000|  0%| F|  |TAMS 0x0000000706000000, 0x0000000706000000| Untracked 
|  41|0x0000000706200000, 0x0000000706200000, 0x0000000706400000|  0%| F|  |TAMS 0x0000000706200000, 0x0000000706200000| Untracked 
|  42|0x0000000706400000, 0x0000000706400000, 0x0000000706600000|  0%| F|  |TAMS 0x0000000706400000, 0x0000000706400000| Untracked 
|  43|0x0000000706600000, 0x0000000706600000, 0x0000000706800000|  0%| F|  |TAMS 0x0000000706600000, 0x0000000706600000| Untracked 
|  44|0x0000000706800000, 0x0000000706800000, 0x0000000706a00000|  0%| F|  |TAMS 0x0000000706800000, 0x0000000706800000| Untracked 
|  45|0x0000000706a00000, 0x0000000706a00000, 0x0000000706c00000|  0%| F|  |TAMS 0x0000000706a00000, 0x0000000706a00000| Untracked 
|  46|0x0000000706c00000, 0x0000000706c00000, 0x0000000706e00000|  0%| F|  |TAMS 0x0000000706c00000, 0x0000000706c00000| Untracked 
|  47|0x0000000706e00000, 0x0000000706e00000, 0x0000000707000000|  0%| F|  |TAMS 0x0000000706e00000, 0x0000000706e00000| Untracked 
|  48|0x0000000707000000, 0x0000000707000000, 0x0000000707200000|  0%| F|  |TAMS 0x0000000707000000, 0x0000000707000000| Untracked 
|  49|0x0000000707200000, 0x0000000707200000, 0x0000000707400000|  0%| F|  |TAMS 0x0000000707200000, 0x0000000707200000| Untracked 
|  50|0x0000000707400000, 0x0000000707400000, 0x0000000707600000|  0%| F|  |TAMS 0x0000000707400000, 0x0000000707400000| Untracked 
|  51|0x0000000707600000, 0x0000000707600000, 0x0000000707800000|  0%| F|  |TAMS 0x0000000707600000, 0x0000000707600000| Untracked 
|  52|0x0000000707800000, 0x0000000707800000, 0x0000000707a00000|  0%| F|  |TAMS 0x0000000707800000, 0x0000000707800000| Untracked 
|  53|0x0000000707a00000, 0x0000000707a00000, 0x0000000707c00000|  0%| F|  |TAMS 0x0000000707a00000, 0x0000000707a00000| Untracked 
|  54|0x0000000707c00000, 0x0000000707c00000, 0x0000000707e00000|  0%| F|  |TAMS 0x0000000707c00000, 0x0000000707c00000| Untracked 
|  55|0x0000000707e00000, 0x0000000707e00000, 0x0000000708000000|  0%| F|  |TAMS 0x0000000707e00000, 0x0000000707e00000| Untracked 
|  56|0x0000000708000000, 0x0000000708000000, 0x0000000708200000|  0%| F|  |TAMS 0x0000000708000000, 0x0000000708000000| Untracked 
|  57|0x0000000708200000, 0x0000000708200000, 0x0000000708400000|  0%| F|  |TAMS 0x0000000708200000, 0x0000000708200000| Untracked 
|  58|0x0000000708400000, 0x0000000708400000, 0x0000000708600000|  0%| F|  |TAMS 0x0000000708400000, 0x0000000708400000| Untracked 
|  59|0x0000000708600000, 0x0000000708600000, 0x0000000708800000|  0%| F|  |TAMS 0x0000000708600000, 0x0000000708600000| Untracked 
|  60|0x0000000708800000, 0x0000000708800000, 0x0000000708a00000|  0%| F|  |TAMS 0x0000000708800000, 0x0000000708800000| Untracked 
|  61|0x0000000708a00000, 0x0000000708a00000, 0x0000000708c00000|  0%| F|  |TAMS 0x0000000708a00000, 0x0000000708a00000| Untracked 
|  62|0x0000000708c00000, 0x0000000708c00000, 0x0000000708e00000|  0%| F|  |TAMS 0x0000000708c00000, 0x0000000708c00000| Untracked 
|  63|0x0000000708e00000, 0x0000000708e00000, 0x0000000709000000|  0%| F|  |TAMS 0x0000000708e00000, 0x0000000708e00000| Untracked 
|  64|0x0000000709000000, 0x0000000709000000, 0x0000000709200000|  0%| F|  |TAMS 0x0000000709000000, 0x0000000709000000| Untracked 
|  65|0x0000000709200000, 0x0000000709200000, 0x0000000709400000|  0%| F|  |TAMS 0x0000000709200000, 0x0000000709200000| Untracked 
|  66|0x0000000709400000, 0x0000000709400000, 0x0000000709600000|  0%| F|  |TAMS 0x0000000709400000, 0x0000000709400000| Untracked 
|  67|0x0000000709600000, 0x0000000709600000, 0x0000000709800000|  0%| F|  |TAMS 0x0000000709600000, 0x0000000709600000| Untracked 
|  68|0x0000000709800000, 0x0000000709800000, 0x0000000709a00000|  0%| F|  |TAMS 0x0000000709800000, 0x0000000709800000| Untracked 
|  69|0x0000000709a00000, 0x0000000709a00000, 0x0000000709c00000|  0%| F|  |TAMS 0x0000000709a00000, 0x0000000709a00000| Untracked 
|  70|0x0000000709c00000, 0x0000000709c00000, 0x0000000709e00000|  0%| F|  |TAMS 0x0000000709c00000, 0x0000000709c00000| Untracked 
|  71|0x0000000709e00000, 0x0000000709e00000, 0x000000070a000000|  0%| F|  |TAMS 0x0000000709e00000, 0x0000000709e00000| Untracked 
|  72|0x000000070a000000, 0x000000070a000000, 0x000000070a200000|  0%| F|  |TAMS 0x000000070a000000, 0x000000070a000000| Untracked 
|  73|0x000000070a200000, 0x000000070a200000, 0x000000070a400000|  0%| F|  |TAMS 0x000000070a200000, 0x000000070a200000| Untracked 
|  74|0x000000070a400000, 0x000000070a400000, 0x000000070a600000|  0%| F|  |TAMS 0x000000070a400000, 0x000000070a400000| Untracked 
|  75|0x000000070a600000, 0x000000070a600000, 0x000000070a800000|  0%| F|  |TAMS 0x000000070a600000, 0x000000070a600000| Untracked 
|  76|0x000000070a800000, 0x000000070a800000, 0x000000070aa00000|  0%| F|  |TAMS 0x000000070a800000, 0x000000070a800000| Untracked 
|  77|0x000000070aa00000, 0x000000070aa00000, 0x000000070ac00000|  0%| F|  |TAMS 0x000000070aa00000, 0x000000070aa00000| Untracked 
|  78|0x000000070ac00000, 0x000000070ac00000, 0x000000070ae00000|  0%| F|  |TAMS 0x000000070ac00000, 0x000000070ac00000| Untracked 
|  79|0x000000070ae00000, 0x000000070ae00000, 0x000000070b000000|  0%| F|  |TAMS 0x000000070ae00000, 0x000000070ae00000| Untracked 
|  80|0x000000070b000000, 0x000000070b000000, 0x000000070b200000|  0%| F|  |TAMS 0x000000070b000000, 0x000000070b000000| Untracked 
|  81|0x000000070b200000, 0x000000070b200000, 0x000000070b400000|  0%| F|  |TAMS 0x000000070b200000, 0x000000070b200000| Untracked 
|  82|0x000000070b400000, 0x000000070b400000, 0x000000070b600000|  0%| F|  |TAMS 0x000000070b400000, 0x000000070b400000| Untracked 
|  83|0x000000070b600000, 0x000000070b600000, 0x000000070b800000|  0%| F|  |TAMS 0x000000070b600000, 0x000000070b600000| Untracked 
|  84|0x000000070b800000, 0x000000070b800000, 0x000000070ba00000|  0%| F|  |TAMS 0x000000070b800000, 0x000000070b800000| Untracked 
|  85|0x000000070ba00000, 0x000000070ba00000, 0x000000070bc00000|  0%| F|  |TAMS 0x000000070ba00000, 0x000000070ba00000| Untracked 
|  86|0x000000070bc00000, 0x000000070bc00000, 0x000000070be00000|  0%| F|  |TAMS 0x000000070bc00000, 0x000000070bc00000| Untracked 
|  87|0x000000070be00000, 0x000000070be00000, 0x000000070c000000|  0%| F|  |TAMS 0x000000070be00000, 0x000000070be00000| Untracked 
|  88|0x000000070c000000, 0x000000070c000000, 0x000000070c200000|  0%| F|  |TAMS 0x000000070c000000, 0x000000070c000000| Untracked 
|  89|0x000000070c200000, 0x000000070c200000, 0x000000070c400000|  0%| F|  |TAMS 0x000000070c200000, 0x000000070c200000| Untracked 
|  90|0x000000070c400000, 0x000000070c400000, 0x000000070c600000|  0%| F|  |TAMS 0x000000070c400000, 0x000000070c400000| Untracked 
|  91|0x000000070c600000, 0x000000070c600000, 0x000000070c800000|  0%| F|  |TAMS 0x000000070c600000, 0x000000070c600000| Untracked 
|  92|0x000000070c800000, 0x000000070c800000, 0x000000070ca00000|  0%| F|  |TAMS 0x000000070c800000, 0x000000070c800000| Untracked 
|  93|0x000000070ca00000, 0x000000070ca00000, 0x000000070cc00000|  0%| F|  |TAMS 0x000000070ca00000, 0x000000070ca00000| Untracked 
|  94|0x000000070cc00000, 0x000000070cc00000, 0x000000070ce00000|  0%| F|  |TAMS 0x000000070cc00000, 0x000000070cc00000| Untracked 
|  95|0x000000070ce00000, 0x000000070ce00000, 0x000000070d000000|  0%| F|  |TAMS 0x000000070ce00000, 0x000000070ce00000| Untracked 
|  96|0x000000070d000000, 0x000000070d000000, 0x000000070d200000|  0%| F|  |TAMS 0x000000070d000000, 0x000000070d000000| Untracked 
|  97|0x000000070d200000, 0x000000070d200000, 0x000000070d400000|  0%| F|  |TAMS 0x000000070d200000, 0x000000070d200000| Untracked 
|  98|0x000000070d400000, 0x000000070d400000, 0x000000070d600000|  0%| F|  |TAMS 0x000000070d400000, 0x000000070d400000| Untracked 
|  99|0x000000070d600000, 0x000000070d600000, 0x000000070d800000|  0%| F|  |TAMS 0x000000070d600000, 0x000000070d600000| Untracked 
| 100|0x000000070d800000, 0x000000070d800000, 0x000000070da00000|  0%| F|  |TAMS 0x000000070d800000, 0x000000070d800000| Untracked 
| 101|0x000000070da00000, 0x000000070da00000, 0x000000070dc00000|  0%| F|  |TAMS 0x000000070da00000, 0x000000070da00000| Untracked 
| 102|0x000000070dc00000, 0x000000070dc00000, 0x000000070de00000|  0%| F|  |TAMS 0x000000070dc00000, 0x000000070dc00000| Untracked 
| 103|0x000000070de00000, 0x000000070de00000, 0x000000070e000000|  0%| F|  |TAMS 0x000000070de00000, 0x000000070de00000| Untracked 
| 104|0x000000070e000000, 0x000000070e000000, 0x000000070e200000|  0%| F|  |TAMS 0x000000070e000000, 0x000000070e000000| Untracked 
| 105|0x000000070e200000, 0x000000070e200000, 0x000000070e400000|  0%| F|  |TAMS 0x000000070e200000, 0x000000070e200000| Untracked 
| 106|0x000000070e400000, 0x000000070e400000, 0x000000070e600000|  0%| F|  |TAMS 0x000000070e400000, 0x000000070e400000| Untracked 
| 107|0x000000070e600000, 0x000000070e600000, 0x000000070e800000|  0%| F|  |TAMS 0x000000070e600000, 0x000000070e600000| Untracked 
| 108|0x000000070e800000, 0x000000070e800000, 0x000000070ea00000|  0%| F|  |TAMS 0x000000070e800000, 0x000000070e800000| Untracked 
| 109|0x000000070ea00000, 0x000000070ea00000, 0x000000070ec00000|  0%| F|  |TAMS 0x000000070ea00000, 0x000000070ea00000| Untracked 
| 110|0x000000070ec00000, 0x000000070ec00000, 0x000000070ee00000|  0%| F|  |TAMS 0x000000070ec00000, 0x000000070ec00000| Untracked 
| 111|0x000000070ee00000, 0x000000070ee00000, 0x000000070f000000|  0%| F|  |TAMS 0x000000070ee00000, 0x000000070ee00000| Untracked 
| 112|0x000000070f000000, 0x000000070f000000, 0x000000070f200000|  0%| F|  |TAMS 0x000000070f000000, 0x000000070f000000| Untracked 
| 113|0x000000070f200000, 0x000000070f200000, 0x000000070f400000|  0%| F|  |TAMS 0x000000070f200000, 0x000000070f200000| Untracked 
| 114|0x000000070f400000, 0x000000070f400000, 0x000000070f600000|  0%| F|  |TAMS 0x000000070f400000, 0x000000070f400000| Untracked 
| 115|0x000000070f600000, 0x000000070f600000, 0x000000070f800000|  0%| F|  |TAMS 0x000000070f600000, 0x000000070f600000| Untracked 
| 116|0x000000070f800000, 0x000000070f800000, 0x000000070fa00000|  0%| F|  |TAMS 0x000000070f800000, 0x000000070f800000| Untracked 
| 117|0x000000070fa00000, 0x000000070fa00000, 0x000000070fc00000|  0%| F|  |TAMS 0x000000070fa00000, 0x000000070fa00000| Untracked 
| 118|0x000000070fc00000, 0x000000070fc00000, 0x000000070fe00000|  0%| F|  |TAMS 0x000000070fc00000, 0x000000070fc00000| Untracked 
| 119|0x000000070fe00000, 0x000000070fe00000, 0x0000000710000000|  0%| F|  |TAMS 0x000000070fe00000, 0x000000070fe00000| Untracked 
| 120|0x0000000710000000, 0x0000000710000000, 0x0000000710200000|  0%| F|  |TAMS 0x0000000710000000, 0x0000000710000000| Untracked 
| 121|0x0000000710200000, 0x0000000710200000, 0x0000000710400000|  0%| F|  |TAMS 0x0000000710200000, 0x0000000710200000| Untracked 
| 122|0x0000000710400000, 0x0000000710400000, 0x0000000710600000|  0%| F|  |TAMS 0x0000000710400000, 0x0000000710400000| Untracked 
| 123|0x0000000710600000, 0x0000000710600000, 0x0000000710800000|  0%| F|  |TAMS 0x0000000710600000, 0x0000000710600000| Untracked 
| 124|0x0000000710800000, 0x00000007109176f8, 0x0000000710a00000| 54%| E|  |TAMS 0x0000000710800000, 0x0000000710800000| Complete 
| 125|0x0000000710a00000, 0x0000000710c00000, 0x0000000710c00000|100%| E|  |TAMS 0x0000000710a00000, 0x0000000710a00000| Complete 
| 126|0x0000000710c00000, 0x0000000710e00000, 0x0000000710e00000|100%| E|CS|TAMS 0x0000000710c00000, 0x0000000710c00000| Complete 
| 127|0x0000000710e00000, 0x0000000711000000, 0x0000000711000000|100%| E|CS|TAMS 0x0000000710e00000, 0x0000000710e00000| Complete 

Card table byte_map: [0x000001e87eb80000,0x000001e87f380000] _byte_map_base: 0x000001e87b378000

Marking Bits (Prev, Next): (CMBitMap*) 0x000001e87e2ee7e0, (CMBitMap*) 0x000001e87e2ee820
 Prev Bits: [0x000001e8125e0000, 0x000001e8165a0000)
 Next Bits: [0x000001e8165a0000, 0x000001e81a560000)

Polling page: 0x000001e87c260000

Metaspace:

Usage:
  Non-class:      8.58 MB used.
      Class:    743.09 KB used.
       Both:      9.31 MB used.

Virtual space:
  Non-class space:       16.00 MB reserved,       8.69 MB ( 54%) committed,  2 nodes.
      Class space:        1.00 GB reserved,     832.00 KB ( <1%) committed,  1 nodes.
             Both:        1.02 GB reserved,       9.50 MB ( <1%) committed. 

Chunk freelists:
   Non-Class:  3.34 MB
       Class:  3.18 MB
        Both:  6.53 MB

MaxMetaspaceSize: unlimited
CompressedClassSpaceSize: 1.00 GB
Initial GC threshold: 21.00 MB
Current GC threshold: 21.00 MB
CDS: off
MetaspaceReclaimPolicy: balanced
 - commit_granule_bytes: 65536.
 - commit_granule_words: 8192.
 - virtual_space_node_default_size: 1048576.
 - enlarge_chunks_in_place: 1.
 - new_chunks_are_fully_committed: 0.
 - uncommit_free_chunks: 1.
 - use_allocation_guard: 0.
 - handle_deallocations: 1.


Internal statistics:

num_allocs_failed_limit: 0.
num_arena_births: 64.
num_arena_deaths: 0.
num_vsnodes_births: 3.
num_vsnodes_deaths: 0.
num_space_committed: 150.
num_space_uncommitted: 0.
num_chunks_returned_to_freelist: 0.
num_chunks_taken_from_freelist: 150.
num_chunk_merges: 0.
num_chunk_splits: 84.
num_chunks_enlarged: 55.
num_purges: 0.
num_inconsistent_stats: 0.

CodeHeap 'non-profiled nmethods': size=120000Kb used=165Kb max_used=165Kb free=119834Kb
 bounds [0x000001e80b0b0000, 0x000001e80b320000, 0x000001e8125e0000]
CodeHeap 'profiled nmethods': size=120000Kb used=833Kb max_used=833Kb free=119166Kb
 bounds [0x000001e803b80000, 0x000001e803df0000, 0x000001e80b0b0000]
CodeHeap 'non-nmethods': size=5760Kb used=1523Kb max_used=1523Kb free=4236Kb
 bounds [0x000001e8035e0000, 0x000001e803850000, 0x000001e803b80000]
 total_blobs=1496 nmethods=564 adapters=845
 compilation: enabled
              stopped_count=0, restarted_count=0
 full_count=0

Compilation events (20 events):
Event: 1.545 Thread 0x000001e81d0cb170  546       1       org.lwjgl.system.CustomBuffer::limit (5 bytes)
Event: 1.545 Thread 0x000001e81d0cb170 nmethod 546 0x000001e80b0d6c90 code [0x000001e80b0d6e20, 0x000001e80b0d6ef8]
Event: 1.545 Thread 0x000001e81d05c020  547       4       org.lwjgl.PointerBuffer::get (22 bytes)
Event: 1.545 Thread 0x000001e81d05c020 nmethod 547 0x000001e80b0d6f90 code [0x000001e80b0d7100, 0x000001e80b0d71d8]
Event: 1.555 Thread 0x000001e81d0cb170  548   !   3       java.net.URL::<init> (543 bytes)
Event: 1.559 Thread 0x000001e81d0cb170 nmethod 548 0x000001e803c46f90 code [0x000001e803c47620, 0x000001e803c4afc8]
Event: 1.559 Thread 0x000001e81d0cb170  549       3       jdk.internal.ref.PhantomCleanable::<init> (49 bytes)
Event: 1.559 Thread 0x000001e81d0cb170 nmethod 549 0x000001e803c4d090 code [0x000001e803c4d2e0, 0x000001e803c4de38]
Event: 1.560 Thread 0x000001e81d0cb170  550   !   3       jdk.internal.ref.PhantomCleanable::insert (53 bytes)
Event: 1.560 Thread 0x000001e81d0cb170 nmethod 550 0x000001e803c4e190 code [0x000001e803c4e340, 0x000001e803c4e6d8]
Event: 2.366 Thread 0x000001e81d0cb170  551       3       org.lwjgl.glfw.GLFW::glfwGetKey (22 bytes)
Event: 2.367 Thread 0x000001e81d0cb170 nmethod 551 0x000001e803c4e890 code [0x000001e803c4ea40, 0x000001e803c4ecf8]
Event: 5.767 Thread 0x000001e81d0cb170  556       3       org.lwjgl.glfw.GLFW::glfwWindowShouldClose (29 bytes)
Event: 5.767 Thread 0x000001e81d0cb170 nmethod 556 0x000001e803c4ee90 code [0x000001e803c4f060, 0x000001e803c4f358]
Event: 5.767 Thread 0x000001e81d0cb170  558       3       org.lwjgl.glfw.GLFW::glfwPollEvents (9 bytes)
Event: 5.767 Thread 0x000001e81d0cb170 nmethod 558 0x000001e803c4f490 code [0x000001e803c4f620, 0x000001e803c4f748]
Event: 5.767 Thread 0x000001e81d0cb170  560       3       com.test.Engine::render (114 bytes)
Event: 5.767 Thread 0x000001e81d0cb170 nmethod 560 0x000001e803c4f810 code [0x000001e803c4fae0, 0x000001e803c4ff18]
Event: 7.900 Thread 0x000001e81d0cb170  564       3       org.lwjgl.glfw.GLFW::glfwSwapBuffers (21 bytes)
Event: 7.900 Thread 0x000001e81d0cb170 nmethod 564 0x000001e803c50110 code [0x000001e803c502c0, 0x000001e803c50558]

GC Heap History (0 events):
No events

Deoptimization events (12 events):
Event: 0.636 Thread 0x000001e87c0fe9f0 DEOPT PACKING pc=0x000001e803b988e7 sp=0x000000e3126f9230
Event: 0.636 Thread 0x000001e87c0fe9f0 DEOPT UNPACKING pc=0x000001e803632b43 sp=0x000000e3126f8650 mode 0
Event: 1.110 Thread 0x000001e87c0fe9f0 DEOPT PACKING pc=0x000001e803b87851 sp=0x000000e3126fcac0
Event: 1.110 Thread 0x000001e87c0fe9f0 DEOPT UNPACKING pc=0x000001e803632b43 sp=0x000000e3126fbf38 mode 0
Event: 1.200 Thread 0x000001e87c0fe9f0 Uncommon trap: trap_request=0xffffff54 fr.pc=0x000001e80b0d02e0 relative=0x0000000000000060
Event: 1.200 Thread 0x000001e87c0fe9f0 Uncommon trap: reason=speculate_null_assert action=make_not_entrant pc=0x000001e80b0d02e0 method=sun.misc.Unsafe.putLong(Ljava/lang/Object;JJ)V @ 7 c2
Event: 1.200 Thread 0x000001e87c0fe9f0 DEOPT PACKING pc=0x000001e80b0d02e0 sp=0x000000e3126ff1f0
Event: 1.200 Thread 0x000001e87c0fe9f0 DEOPT UNPACKING pc=0x000001e8036323a3 sp=0x000000e3126ff168 mode 2
Event: 1.289 Thread 0x000001e87c0fe9f0 Uncommon trap: trap_request=0xffffff54 fr.pc=0x000001e80b0d47dc relative=0x000000000000005c
Event: 1.289 Thread 0x000001e87c0fe9f0 Uncommon trap: reason=speculate_null_assert action=make_not_entrant pc=0x000001e80b0d47dc method=sun.misc.Unsafe.getLong(Ljava/lang/Object;J)J @ 5 c2
Event: 1.289 Thread 0x000001e87c0fe9f0 DEOPT PACKING pc=0x000001e80b0d47dc sp=0x000000e3126ff350
Event: 1.289 Thread 0x000001e87c0fe9f0 DEOPT UNPACKING pc=0x000001e8036323a3 sp=0x000000e3126ff2d8 mode 2

Classes unloaded (0 events):
No events

Classes redefined (0 events):
No events

Internal exceptions (20 events):
Event: 0.521 Thread 0x000001e87c0fe9f0 Exception <a 'java/lang/NoSuchMethodError'{0x0000000710c23ae0}: 'void java.lang.invoke.DirectMethodHandle$Holder.invokeStatic(java.lang.Object, java.lang.Object)'> (0x0000000710c23ae0) 
thrown [e:\jenkins\tmp\workspace\build\src\src\hotspot\share\interpreter\linkResolver.cpp, line 766]
Event: 0.522 Thread 0x000001e87c0fe9f0 Exception <a 'java/lang/NoSuchMethodError'{0x0000000710c293f8}: 'void java.lang.invoke.DirectMethodHandle$Holder.invokeSpecial(java.lang.Object, java.lang.Object, java.lang.Object)'> (0x0000000710c293f8) 
thrown [e:\jenkins\tmp\workspace\build\src\src\hotspot\share\interpreter\linkResolver.cpp, line 766]
Event: 0.526 Thread 0x000001e87c0fe9f0 Exception <a 'java/lang/NoSuchMethodError'{0x0000000710c3c758}: 'java.lang.Object java.lang.invoke.DirectMethodHandle$Holder.invokeStatic(java.lang.Object, java.lang.Object, int)'> (0x0000000710c3c758) 
thrown [e:\jenkins\tmp\workspace\build\src\src\hotspot\share\interpreter\linkResolver.cpp, line 766]
Event: 0.528 Thread 0x000001e87c0fe9f0 Exception <a 'java/lang/NoSuchMethodError'{0x0000000710c48728}: 'void java.lang.invoke.DelegatingMethodHandle$Holder.delegate(java.lang.Object, java.lang.Object, int, java.lang.Object)'> (0x0000000710c48728) 
thrown [e:\jenkins\tmp\workspace\build\src\src\hotspot\share\interpreter\linkResolver.cpp, line 766]
Event: 0.528 Thread 0x000001e87c0fe9f0 Exception <a 'java/lang/NoSuchMethodError'{0x0000000710c4c968}: 'int java.lang.invoke.DirectMethodHandle$Holder.invokeSpecial(java.lang.Object, java.lang.Object, java.lang.Object)'> (0x0000000710c4c968) 
thrown [e:\jenkins\tmp\workspace\build\src\src\hotspot\share\interpreter\linkResolver.cpp, line 766]
Event: 0.587 Thread 0x000001e87c0fe9f0 Exception <a 'sun/nio/fs/WindowsException'{0x0000000710d638f8}> (0x0000000710d638f8) 
thrown [e:\jenkins\tmp\workspace\build\src\src\hotspot\share\prims\jni.cpp, line 516]
Event: 0.587 Thread 0x000001e87c0fe9f0 Exception <a 'sun/nio/fs/WindowsException'{0x0000000710d63e48}> (0x0000000710d63e48) 
thrown [e:\jenkins\tmp\workspace\build\src\src\hotspot\share\prims\jni.cpp, line 516]
Event: 0.627 Thread 0x000001e87c0fe9f0 Exception <a 'sun/nio/fs/WindowsException'{0x0000000710de4d58}> (0x0000000710de4d58) 
thrown [e:\jenkins\tmp\workspace\build\src\src\hotspot\share\prims\jni.cpp, line 516]
Event: 0.627 Thread 0x000001e87c0fe9f0 Exception <a 'sun/nio/fs/WindowsException'{0x0000000710de50b8}> (0x0000000710de50b8) 
thrown [e:\jenkins\tmp\workspace\build\src\src\hotspot\share\prims\jni.cpp, line 516]
Event: 0.639 Thread 0x000001e87c0fe9f0 Exception <a 'java/lang/NoSuchMethodError'{0x0000000710a180d0}: 'java.lang.Object java.lang.invoke.DirectMethodHandle$Holder.invokeStaticInit(java.lang.Object)'> (0x0000000710a180d0) 
thrown [e:\jenkins\tmp\workspace\build\src\src\hotspot\share\interpreter\linkResolver.cpp, line 766]
Event: 0.657 Thread 0x000001e87c0fe9f0 Exception <a 'java/lang/NoSuchMethodError'{0x0000000710a31bf0}: 'int java.lang.invoke.DirectMethodHandle$Holder.invokeStaticInit(java.lang.Object, java.lang.Object, int, long)'> (0x0000000710a31bf0) 
thrown [e:\jenkins\tmp\workspace\build\src\src\hotspot\share\interpreter\linkResolver.cpp, line 766]
Event: 0.657 Thread 0x000001e87c0fe9f0 Exception <a 'java/lang/NoSuchMethodError'{0x0000000710a374b8}: 'java.lang.Object java.lang.invoke.DirectMethodHandle$Holder.newInvokeSpecial(java.lang.Object, java.lang.Object, int)'> (0x0000000710a374b8) 
thrown [e:\jenkins\tmp\workspace\build\src\src\hotspot\share\interpreter\linkResolver.cpp, line 766]
Event: 0.661 Thread 0x000001e87c0fe9f0 Exception <a 'java/lang/NoSuchMethodError'{0x0000000710a463b8}: 'int java.lang.invoke.DirectMethodHandle$Holder.invokeStaticInit(java.lang.Object, java.lang.Object, long, long)'> (0x0000000710a463b8) 
thrown [e:\jenkins\tmp\workspace\build\src\src\hotspot\share\interpreter\linkResolver.cpp, line 766]
Event: 0.663 Thread 0x000001e87c0fe9f0 Exception <a 'java/lang/NoSuchMethodError'{0x0000000710a4c5b8}: 'java.lang.Object java.lang.invoke.DirectMethodHandle$Holder.newInvokeSpecial(java.lang.Object, java.lang.Object, long)'> (0x0000000710a4c5b8) 
thrown [e:\jenkins\tmp\workspace\build\src\src\hotspot\share\interpreter\linkResolver.cpp, line 766]
Event: 0.664 Thread 0x000001e87c0fe9f0 Exception <a 'java/lang/NoSuchMethodError'{0x0000000710a508a8}: 'java.lang.Object java.lang.invoke.Invokers$Holder.linkToTargetMethod(java.lang.Object, long, java.lang.Object)'> (0x0000000710a508a8) 
thrown [e:\jenkins\tmp\workspace\build\src\src\hotspot\share\interpreter\linkResolver.cpp, line 766]
Event: 0.665 Thread 0x000001e87c0fe9f0 Exception <a 'java/lang/NoSuchMethodError'{0x0000000710a582a8}: 'int java.lang.invoke.DirectMethodHandle$Holder.invokeStaticInit(java.lang.Object, java.lang.Object, java.lang.Object, long)'> (0x0000000710a582a8) 
thrown [e:\jenkins\tmp\workspace\build\src\src\hotspot\share\interpreter\linkResolver.cpp, line 766]
Event: 1.190 Thread 0x000001e87c0fe9f0 Exception <a 'sun/nio/fs/WindowsException'{0x0000000710afe3b8}> (0x0000000710afe3b8) 
thrown [e:\jenkins\tmp\workspace\build\src\src\hotspot\share\prims\jni.cpp, line 516]
Event: 1.190 Thread 0x000001e87c0fe9f0 Exception <a 'sun/nio/fs/WindowsException'{0x0000000710afe760}> (0x0000000710afe760) 
thrown [e:\jenkins\tmp\workspace\build\src\src\hotspot\share\prims\jni.cpp, line 516]
Event: 1.194 Thread 0x000001e87c0fe9f0 Exception <a 'sun/nio/fs/WindowsException'{0x0000000710b06aa0}> (0x0000000710b06aa0) 
thrown [e:\jenkins\tmp\workspace\build\src\src\hotspot\share\prims\jni.cpp, line 516]
Event: 1.194 Thread 0x000001e87c0fe9f0 Exception <a 'sun/nio/fs/WindowsException'{0x0000000710b06d80}> (0x0000000710b06d80) 
thrown [e:\jenkins\tmp\workspace\build\src\src\hotspot\share\prims\jni.cpp, line 516]

VM Operations (6 events):
Event: 0.406 Executing VM operation: HandshakeAllThreads
Event: 0.406 Executing VM operation: HandshakeAllThreads done
Event: 1.420 Executing VM operation: Cleanup
Event: 1.420 Executing VM operation: Cleanup done
Event: 2.431 Executing VM operation: Cleanup
Event: 2.431 Executing VM operation: Cleanup done

Events (20 events):
Event: 1.250 loading class java/util/stream/FindOps$FindOp
Event: 1.251 loading class java/util/stream/TerminalOp
Event: 1.251 loading class java/util/stream/TerminalOp done
Event: 1.251 loading class java/util/stream/FindOps$FindOp done
Event: 1.251 loading class java/util/OptionalInt
Event: 1.251 loading class java/util/OptionalInt done
Event: 1.251 loading class java/util/function/Predicate
Event: 1.251 loading class java/util/function/Predicate done
Event: 1.252 loading class java/util/stream/IntPipeline$10$1
Event: 1.253 loading class java/util/stream/Sink$ChainedInt
Event: 1.253 loading class java/util/stream/Sink$ChainedInt done
Event: 1.253 loading class java/util/stream/IntPipeline$10$1 done
Event: 1.253 loading class java/lang/StringUTF16$CharsSpliterator
Event: 1.253 loading class java/lang/StringUTF16$CharsSpliterator done
Event: 1.253 loading class java/lang/CharacterData00
Event: 1.253 loading class java/lang/CharacterData00 done
Event: 1.273 loading class jdk/internal/misc/ScopedMemoryAccess$Scope
Event: 1.274 loading class jdk/internal/misc/ScopedMemoryAccess$Scope done
Event: 1.340 loading class java/util/function/IntFunction
Event: 1.340 loading class java/util/function/IntFunction done


Dynamic libraries:
0x00007ff6497a0000 - 0x00007ff6497ae000 	C:\Users\solid\.p2\pool\plugins\org.eclipse.justj.openjdk.hotspot.jre.full.win32.x86_64_17.0.2.v20220201-1208\jre\bin\javaw.exe
0x00007ff850b10000 - 0x00007ff850d05000 	C:\Windows\SYSTEM32\ntdll.dll
0x00007ff84f7d0000 - 0x00007ff84f88e000 	C:\Windows\System32\KERNEL32.DLL
0x00007ff84e610000 - 0x00007ff84e8d8000 	C:\Windows\System32\KERNELBASE.dll
0x00007ff84e510000 - 0x00007ff84e610000 	C:\Windows\System32\ucrtbase.dll
0x00007ff82d110000 - 0x00007ff82d128000 	C:\Users\solid\.p2\pool\plugins\org.eclipse.justj.openjdk.hotspot.jre.full.win32.x86_64_17.0.2.v20220201-1208\jre\bin\jli.dll
0x00007ff84eb60000 - 0x00007ff84ed00000 	C:\Windows\System32\USER32.dll
0x00007ff84eb30000 - 0x00007ff84eb52000 	C:\Windows\System32\win32u.dll
0x00007ff84f9e0000 - 0x00007ff84fa0b000 	C:\Windows\System32\GDI32.dll
0x00007ff84e990000 - 0x00007ff84ea9d000 	C:\Windows\System32\gdi32full.dll
0x00007ff84e290000 - 0x00007ff84e32d000 	C:\Windows\System32\msvcp_win.dll
0x00007ff82d0f0000 - 0x00007ff82d109000 	C:\Users\solid\.p2\pool\plugins\org.eclipse.justj.openjdk.hotspot.jre.full.win32.x86_64_17.0.2.v20220201-1208\jre\bin\VCRUNTIME140.dll
0x00007ff8388d0000 - 0x00007ff838b6a000 	C:\Windows\WinSxS\amd64_microsoft.windows.common-controls_6595b64144ccf1df_6.0.19041.1110_none_60b5254171f9507e\COMCTL32.dll
0x00007ff850450000 - 0x00007ff8504ee000 	C:\Windows\System32\msvcrt.dll
0x00007ff84f890000 - 0x00007ff84f8c0000 	C:\Windows\System32\IMM32.DLL
0x00007ff834890000 - 0x00007ff83489c000 	C:\Users\solid\.p2\pool\plugins\org.eclipse.justj.openjdk.hotspot.jre.full.win32.x86_64_17.0.2.v20220201-1208\jre\bin\vcruntime140_1.dll
0x00007ffffa0a0000 - 0x00007ffffa131000 	C:\Users\solid\.p2\pool\plugins\org.eclipse.justj.openjdk.hotspot.jre.full.win32.x86_64_17.0.2.v20220201-1208\jre\bin\msvcp140.dll
0x00007fffba8a0000 - 0x00007fffbb4e7000 	C:\Users\solid\.p2\pool\plugins\org.eclipse.justj.openjdk.hotspot.jre.full.win32.x86_64_17.0.2.v20220201-1208\jre\bin\server\jvm.dll
0x00007ff84f720000 - 0x00007ff84f7ce000 	C:\Windows\System32\ADVAPI32.dll
0x00007ff850a30000 - 0x00007ff850acc000 	C:\Windows\System32\sechost.dll
0x00007ff84f5f0000 - 0x00007ff84f715000 	C:\Windows\System32\RPCRT4.dll
0x00007ff8505d0000 - 0x00007ff8505d8000 	C:\Windows\System32\PSAPI.DLL
0x00007ff844cf0000 - 0x00007ff844cf9000 	C:\Windows\SYSTEM32\WSOCK32.dll
0x00007ff84fcd0000 - 0x00007ff84fd3b000 	C:\Windows\System32\WS2_32.dll
0x00007ff83bd10000 - 0x00007ff83bd37000 	C:\Windows\SYSTEM32\WINMM.dll
0x00007ff846a60000 - 0x00007ff846a6a000 	C:\Windows\SYSTEM32\VERSION.dll
0x00007ff84c0f0000 - 0x00007ff84c102000 	C:\Windows\SYSTEM32\kernel.appcore.dll
0x00007ff84b9a0000 - 0x00007ff84b9aa000 	C:\Users\solid\.p2\pool\plugins\org.eclipse.justj.openjdk.hotspot.jre.full.win32.x86_64_17.0.2.v20220201-1208\jre\bin\jimage.dll
0x00007ff834230000 - 0x00007ff834414000 	C:\Windows\SYSTEM32\DBGHELP.DLL
0x00007ff834120000 - 0x00007ff83414c000 	C:\Windows\SYSTEM32\dbgcore.DLL
0x00007ff84eaa0000 - 0x00007ff84eb22000 	C:\Windows\System32\bcryptPrimitives.dll
0x00007ff8293c0000 - 0x00007ff8293e5000 	C:\Users\solid\.p2\pool\plugins\org.eclipse.justj.openjdk.hotspot.jre.full.win32.x86_64_17.0.2.v20220201-1208\jre\bin\java.dll
0x00007ff825b70000 - 0x00007ff825b88000 	C:\Users\solid\.p2\pool\plugins\org.eclipse.justj.openjdk.hotspot.jre.full.win32.x86_64_17.0.2.v20220201-1208\jre\bin\zip.dll
0x00007ff84ed00000 - 0x00007ff84f444000 	C:\Windows\System32\SHELL32.dll
0x00007ff84c2f0000 - 0x00007ff84ca84000 	C:\Windows\SYSTEM32\windows.storage.dll
0x00007ff850640000 - 0x00007ff850995000 	C:\Windows\System32\combase.dll
0x00007ff84dc70000 - 0x00007ff84dc9e000 	C:\Windows\SYSTEM32\Wldp.dll
0x00007ff84f4b0000 - 0x00007ff84f55d000 	C:\Windows\System32\SHCORE.dll
0x00007ff84f560000 - 0x00007ff84f5b5000 	C:\Windows\System32\shlwapi.dll
0x00007ff84e160000 - 0x00007ff84e17f000 	C:\Windows\SYSTEM32\profapi.dll
0x00007ff8344e0000 - 0x00007ff8344f0000 	C:\Users\solid\.p2\pool\plugins\org.eclipse.justj.openjdk.hotspot.jre.full.win32.x86_64_17.0.2.v20220201-1208\jre\bin\verify.dll
0x00007ff8213b0000 - 0x00007ff8213c9000 	C:\Users\solid\.p2\pool\plugins\org.eclipse.justj.openjdk.hotspot.jre.full.win32.x86_64_17.0.2.v20220201-1208\jre\bin\net.dll
0x00007ff840e30000 - 0x00007ff840f3c000 	C:\Windows\SYSTEM32\WINHTTP.dll
0x00007ff84d980000 - 0x00007ff84d9ea000 	C:\Windows\system32\mswsock.dll
0x00007ff821390000 - 0x00007ff8213a5000 	C:\Users\solid\.p2\pool\plugins\org.eclipse.justj.openjdk.hotspot.jre.full.win32.x86_64_17.0.2.v20220201-1208\jre\bin\nio.dll
0x00007fffd8e30000 - 0x00007fffd8ea5000 	C:\Users\solid\AppData\Local\Temp\lwjglsolid\3.3.1-build-7\lwjgl.dll
0x00007fffd8dc0000 - 0x00007fffd8e21000 	C:\Users\solid\AppData\Local\Temp\lwjglsolid\3.3.1-build-7\glfw.dll
0x00007ff8268f0000 - 0x00007ff826935000 	C:\Windows\SYSTEM32\dinput8.dll
0x00007ff804560000 - 0x00007ff804571000 	C:\Windows\SYSTEM32\xinput1_4.dll
0x00007ff84e4c0000 - 0x00007ff84e50e000 	C:\Windows\System32\cfgmgr32.dll
0x00007ff84dfc0000 - 0x00007ff84dff4000 	C:\Windows\SYSTEM32\DEVOBJ.dll
0x00007ff84be00000 - 0x00007ff84be2f000 	C:\Windows\SYSTEM32\dwmapi.dll
0x00007ff84bc10000 - 0x00007ff84bcae000 	C:\Windows\system32\uxtheme.dll
0x00007ff8437f0000 - 0x00007ff843942000 	C:\Windows\SYSTEM32\inputhost.dll
0x00007ff84fd50000 - 0x00007ff84fe1d000 	C:\Windows\System32\OLEAUT32.dll
0x00007ff84b710000 - 0x00007ff84b802000 	C:\Windows\SYSTEM32\CoreMessaging.dll
0x00007ff849d90000 - 0x00007ff849e86000 	C:\Windows\SYSTEM32\PROPSYS.dll
0x00007ff849f10000 - 0x00007ff84a064000 	C:\Windows\SYSTEM32\wintypes.dll
0x00007ff84b3b0000 - 0x00007ff84b70e000 	C:\Windows\SYSTEM32\CoreUIComponents.dll
0x00007ff84ced0000 - 0x00007ff84cf03000 	C:\Windows\SYSTEM32\ntmarta.dll
0x00007ff84f8c0000 - 0x00007ff84f9d6000 	C:\Windows\System32\MSCTF.dll
0x00007ffff1190000 - 0x00007ffff12b5000 	C:\Windows\SYSTEM32\opengl32.dll
0x00007ffff10c0000 - 0x00007ffff10ec000 	C:\Windows\SYSTEM32\GLU32.dll
0x00007ff84faf0000 - 0x00007ff84fb99000 	C:\Windows\System32\clbcatq.dll
0x00007fffb50e0000 - 0x00007fffb7bf7000 	C:\Windows\System32\DriverStore\FileRepository\nv_dispi.inf_amd64_b8346c359fcd6093\nvoglv64.dll
0x00007ff84ffd0000 - 0x00007ff850442000 	C:\Windows\System32\SETUPAPI.dll
0x00007ff84e490000 - 0x00007ff84e4b7000 	C:\Windows\System32\bcrypt.dll
0x00007ff84fba0000 - 0x00007ff84fcca000 	C:\Windows\System32\ole32.dll
0x00007ff849ef0000 - 0x00007ff849f04000 	C:\Windows\SYSTEM32\WTSAPI32.dll
0x00007ff84de00000 - 0x00007ff84de12000 	C:\Windows\SYSTEM32\msasn1.dll
0x00007ff8468d0000 - 0x00007ff846901000 	C:\Windows\SYSTEM32\cryptnet.dll
0x00007ff84e330000 - 0x00007ff84e486000 	C:\Windows\System32\CRYPT32.dll
0x00007ff8436a0000 - 0x00007ff8437ea000 	C:\Windows\SYSTEM32\drvstore.dll
0x00007ff84db50000 - 0x00007ff84db5c000 	C:\Windows\SYSTEM32\cryptbase.dll
0x00007ff84e220000 - 0x00007ff84e289000 	C:\Windows\System32\WINTRUST.dll
0x00007ff8495a0000 - 0x00007ff8495db000 	C:\Windows\SYSTEM32\dxcore.dll
0x00007ff816c80000 - 0x00007ff816f47000 	C:\Windows\system32\nvspcap64.dll
0x00007ff84d7a0000 - 0x00007ff84d7eb000 	C:\Windows\SYSTEM32\powrprof.dll
0x00007ff84d610000 - 0x00007ff84d622000 	C:\Windows\SYSTEM32\UMPDC.dll
0x00007ff84cf80000 - 0x00007ff84cfda000 	C:\Windows\SYSTEM32\WINSTA.dll
0x00007ff843950000 - 0x00007ff843a49000 	C:\Windows\SYSTEM32\textinputframework.dll
0x00007ff83ab90000 - 0x00007ff83abf6000 	C:\Windows\system32\Oleacc.dll
0x00007ff8144e0000 - 0x00007ff81453d000 	C:\Users\solid\AppData\Local\Temp\lwjglsolid\3.3.1-build-7\lwjgl_opengl.dll

dbghelp: loaded successfully - version: 4.0.5 - missing functions: none
symbol engine: initialized successfully - sym options: 0x614 - pdb path: .;C:\Users\solid\.p2\pool\plugins\org.eclipse.justj.openjdk.hotspot.jre.full.win32.x86_64_17.0.2.v20220201-1208\jre\bin;C:\Windows\SYSTEM32;C:\Windows\WinSxS\amd64_microsoft.windows.common-controls_6595b64144ccf1df_6.0.19041.1110_none_60b5254171f9507e;C:\Users\solid\.p2\pool\plugins\org.eclipse.justj.openjdk.hotspot.jre.full.win32.x86_64_17.0.2.v20220201-1208\jre\bin\server;C:\Users\solid\AppData\Local\Temp\lwjglsolid\3.3.1-build-7;C:\Windows\System32\DriverStore\FileRepository\nv_dispi.inf_amd64_b8346c359fcd6093

VM Arguments:
jvm_args: -Dfile.encoding=Cp1252 -XX:+ShowCodeDetailsInExceptionMessages 
java_command: com.test.Main
java_class_path (initial): C:\Users\solid\eclipse-workspace\lwjgl-test\target\classes;C:\Users\solid\.m2\repository\org\lwjgl\lwjgl\3.3.1\lwjgl-3.3.1.jar;C:\Users\solid\.m2\repository\org\lwjgl\lwjgl-assimp\3.3.1\lwjgl-assimp-3.3.1.jar;C:\Users\solid\.m2\repository\org\lwjgl\lwjgl-bgfx\3.3.1\lwjgl-bgfx-3.3.1.jar;C:\Users\solid\.m2\repository\org\lwjgl\lwjgl-glfw\3.3.1\lwjgl-glfw-3.3.1.jar;C:\Users\solid\.m2\repository\org\lwjgl\lwjgl-nanovg\3.3.1\lwjgl-nanovg-3.3.1.jar;C:\Users\solid\.m2\repository\org\lwjgl\lwjgl-nuklear\3.3.1\lwjgl-nuklear-3.3.1.jar;C:\Users\solid\.m2\repository\org\lwjgl\lwjgl-openal\3.3.1\lwjgl-openal-3.3.1.jar;C:\Users\solid\.m2\repository\org\lwjgl\lwjgl-opengl\3.3.1\lwjgl-opengl-3.3.1.jar;C:\Users\solid\.m2\repository\org\lwjgl\lwjgl-par\3.3.1\lwjgl-par-3.3.1.jar;C:\Users\solid\.m2\repository\org\lwjgl\lwjgl-stb\3.3.1\lwjgl-stb-3.3.1.jar;C:\Users\solid\.m2\repository\org\lwjgl\lwjgl-vulkan\3.3.1\lwjgl-vulkan-3.3.1.jar;C:\Users\solid\.m2\repository\org\lwjgl\lwjgl\3.3.1\lwjgl-3.3.1-natives-windows.jar;C:\Users\solid\.m2\repository\org\lwjgl\lwjgl-assimp\3.3.1\lwjgl-assimp-3.3.1-natives-windows.jar;C:\Users\solid\.m2\repository\org\lwjgl\lwjgl-bgfx\3.3.1\lwjgl-bgfx-3.3.1-natives-windows.jar;C:\Users\solid\.m2\repository\org\lwjgl\lwjgl-glfw\3.3.1\lwjgl-glfw-3.3.1-natives-windows.jar;C:\Users\solid\.m2\repository\org\lwjgl\lwjgl-nanovg\3.3.1\lwjgl-nanovg-3.3.1-natives-windows.jar;C:\Users\solid\.m2\repository\org\lwjgl\lwjgl-nuklear\3.3.1\lwjgl-nuklear-3.3.1-natives-windows.jar;C:\Users\solid\.m2\repository\org\lwjgl\lwjgl-openal\3.3.1\lwjgl-openal-3.3.1-natives-windows.jar;C:\Users\solid\.m2\repository\org\lwjgl\lwjgl-opengl\3.3.1\lwjgl-opengl-3.3.1-natives-windows.jar;C:\Users\solid\.m2\repository\org\lwjgl\lwjgl-par\3.3.1\lwjgl-par-3.3.1-natives-windows.jar;C:\Users\solid\.m2\repository\org\lwjgl\lwjgl-stb\3.3.1\lwjgl-stb-3.3.1-natives-windows.jar
Launcher Type: SUN_STANDARD

[Global flags]
     intx CICompilerCount                          = 3                                         {product} {ergonomic}
     uint ConcGCThreads                            = 1                                         {product} {ergonomic}
     uint G1ConcRefinementThreads                  = 4                                         {product} {ergonomic}
   size_t G1HeapRegionSize                         = 2097152                                   {product} {ergonomic}
    uintx GCDrainStackTargetSize                   = 64                                        {product} {ergonomic}
   size_t InitialHeapSize                          = 268435456                                 {product} {ergonomic}
   size_t MarkStackSize                            = 4194304                                   {product} {ergonomic}
   size_t MaxHeapSize                              = 4278190080                                {product} {ergonomic}
   size_t MaxNewSize                               = 2566914048                                {product} {ergonomic}
   size_t MinHeapDeltaBytes                        = 2097152                                   {product} {ergonomic}
   size_t MinHeapSize                              = 8388608                                   {product} {ergonomic}
    uintx NonNMethodCodeHeapSize                   = 5832780                                {pd product} {ergonomic}
    uintx NonProfiledCodeHeapSize                  = 122912730                              {pd product} {ergonomic}
    uintx ProfiledCodeHeapSize                     = 122912730                              {pd product} {ergonomic}
    uintx ReservedCodeCacheSize                    = 251658240                              {pd product} {ergonomic}
     bool SegmentedCodeCache                       = true                                      {product} {ergonomic}
     bool ShowCodeDetailsInExceptionMessages       = true                                   {manageable} {command line}
   size_t SoftMaxHeapSize                          = 4278190080                             {manageable} {ergonomic}
     bool UseCompressedClassPointers               = true                           {product lp64_product} {ergonomic}
     bool UseCompressedOops                        = true                           {product lp64_product} {ergonomic}
     bool UseG1GC                                  = true                                      {product} {ergonomic}
     bool UseLargePagesIndividualAllocation        = false                                  {pd product} {ergonomic}

Logging:
Log output configuration:
 #0: stdout all=warning uptime,level,tags
 #1: stderr all=off uptime,level,tags

Environment Variables:
PATH=C:/Users/solid/.p2/pool/plugins/org.eclipse.justj.openjdk.hotspot.jre.full.win32.x86_64_17.0.2.v20220201-1208/jre/bin/server;C:/Users/solid/.p2/pool/plugins/org.eclipse.justj.openjdk.hotspot.jre.full.win32.x86_64_17.0.2.v20220201-1208/jre/bin;C:\Program Files (x86)\Common Files\Oracle\Java\javapath;C:\Program Files\Eclipse Adoptium\jdk-11.0.14.101-hotspot\bin;C:\Windows\system32;C:\Windows;C:\Windows\System32\Wbem;C:\Windows\System32\WindowsPowerShell\v1.0\;C:\Windows\System32\OpenSSH\;C:\Program Files (x86)\NVIDIA Corporation\PhysX\Common;C:\Program Files\NVIDIA Corporation\NVIDIA NvDLISR;C:\Program Files\Git\cmd;C:\Program Files\nodejs\;C:\Program Files\dotnet\;C:\Program Files (x86)\Zenity\bin\;C:\Users\solid\scoop\shims;C:\Program Files\Git\cmd;C:\Users\solid\AppData\Local\Microsoft\WindowsApps;C:\Users\solid\AppData\Roaming\npm;C:\Users\solid\AppData\Local\Programs\Python\Python39;C:\Users\solid\AppData\Local\Programs\Microsoft VS Code\bin;C:\Users\solid\.dotnet\tools;C:\Program Files\mingw-w64\x86_64-8.1.0-win32-seh-rt_v6-rev0\mingw64\bin;C:\Users\solid\.dotnet\tools;C:\Windows\system32;
USERNAME=solid
OS=Windows_NT
PROCESSOR_IDENTIFIER=Intel64 Family 6 Model 158 Stepping 11, GenuineIntel



---------------  S Y S T E M  ---------------

OS:
 Windows 10 , 64 bit Build 19041 (10.0.19041.1503)
OS uptime: 0 days 11:59 hours
Hyper-V role detected

CPU: total 4 (initial active 4) (4 cores per cpu, 1 threads per core) family 6 model 158 stepping 11 microcode 0xb4, cx8, cmov, fxsr, mmx, 3dnowpref, sse, sse2, sse3, ssse3, sse4.1, sse4.2, popcnt, lzcnt, tsc, tscinvbit, avx, avx2, aes, erms, clmul, bmi1, bmi2, adx, fma, vzeroupper, clflush, clflushopt, hv

Memory: 4k page, system-wide physical 16317M (4007M free)
TotalPageFile size 31112M (AvailPageFile size 4779M)
current process WorkingSet (physical memory assigned to process): 78M, peak: 81M
current process commit charge ("private bytes"): 364M, peak: 368M

vm_info: OpenJDK 64-Bit Server VM (17.0.2+8) for windows-amd64 JRE (17.0.2+8), built on Jan 20 2022 04:52:34 by "" with MS VC++ 16.7 (VS2019)

END.
